[    0.000000] Initializing cgroup subsys cpuset
[    0.000000] Initializing cgroup subsys cpu
[    0.000000] Initializing cgroup subsys cpuacct
[    0.000000] Linux version 4.4.0-201-generic (buildd@lgw01-amd64-044) (gcc version 5.4.0 20160609 (Ubuntu 5.4.0-6ubuntu1~16.04.12) ) #233-Ubuntu SMP Thu Jan 14 06:10:28 UTC 2021 (Ubuntu 4.4.0-201.233-generic 4.4.247)
[    0.000000] Command line: BOOT_IMAGE=/boot/vmlinuz-4.4.0-201-generic root=LABEL=cloudimg-rootfs ro console=tty1 console=ttyS0
[    0.000000] KERNEL supported cpus:
[    0.000000]   Intel GenuineIntel
[    0.000000]   AMD AuthenticAMD
[    0.000000]   Centaur CentaurHauls
[    0.000000] x86/fpu: xstate_offset[2]:  576, xstate_sizes[2]:  256
[    0.000000] x86/fpu: Supporting XSAVE feature 0x01: 'x87 floating point registers'
[    0.000000] x86/fpu: Supporting XSAVE feature 0x02: 'SSE registers'
[    0.000000] x86/fpu: Supporting XSAVE feature 0x04: 'AVX registers'
[    0.000000] x86/fpu: Enabled xstate features 0x7, context size is 832 bytes, using 'standard' format.
[    0.000000] e820: BIOS-provided physical RAM map:
[    0.000000] BIOS-e820: [mem 0x0000000000000000-0x000000000009fbff] usable
[    0.000000] BIOS-e820: [mem 0x000000000009fc00-0x000000000009ffff] reserved
[    0.000000] BIOS-e820: [mem 0x00000000000f0000-0x00000000000fffff] reserved
[    0.000000] BIOS-e820: [mem 0x0000000000100000-0x000000001ffeffff] usable
[    0.000000] BIOS-e820: [mem 0x000000001fff0000-0x000000001fffffff] ACPI data
[    0.000000] BIOS-e820: [mem 0x00000000fec00000-0x00000000fec00fff] reserved
[    0.000000] BIOS-e820: [mem 0x00000000fee00000-0x00000000fee00fff] reserved
[    0.000000] BIOS-e820: [mem 0x00000000fffc0000-0x00000000ffffffff] reserved
[    0.000000] NX (Execute Disable) protection: active
[    0.000000] SMBIOS 2.5 present.
[    0.000000] Hypervisor detected: KVM
[    0.000000] e820: last_pfn = 0x1fff0 max_arch_pfn = 0x400000000
[    0.000000] MTRR: Disabled
[    0.000000] x86/PAT: MTRRs disabled, skipping PAT initialization too.
[    0.000000] CPU MTRRs all blank - virtualized system.
[    0.000000] x86/PAT: Configuration [0-7]: WB  WT  UC- UC  WB  WT  UC- UC  
[    0.000000] found SMP MP-table at [mem 0x0009fff0-0x0009ffff] mapped at [ffff88000009fff0]
[    0.000000] Scanning 1 areas for low memory corruption
[    0.000000] RAMDISK: [mem 0x1e8a6000-0x1f72ffff]
[    0.000000] ACPI: Early table checksum verification disabled
[    0.000000] ACPI: RSDP 0x00000000000E0000 000024 (v02 VBOX  )
[    0.000000] ACPI: XSDT 0x000000001FFF0030 00003C (v01 VBOX   VBOXXSDT 00000001 ASL  00000061)
[    0.000000] ACPI: FACP 0x000000001FFF00F0 0000F4 (v04 VBOX   VBOXFACP 00000001 ASL  00000061)
[    0.000000] ACPI: DSDT 0x000000001FFF0470 002325 (v02 VBOX   VBOXBIOS 00000002 INTL 20190509)
[    0.000000] ACPI: FACS 0x000000001FFF0200 000040
[    0.000000] ACPI: FACS 0x000000001FFF0200 000040
[    0.000000] ACPI: APIC 0x000000001FFF0240 00005C (v02 VBOX   VBOXAPIC 00000001 ASL  00000061)
[    0.000000] ACPI: SSDT 0x000000001FFF02A0 0001CC (v01 VBOX   VBOXCPUT 00000002 INTL 20190509)
[    0.000000] No NUMA configuration found
[    0.000000] Faking a node at [mem 0x0000000000000000-0x000000001ffeffff]
[    0.000000] NODE_DATA(0) allocated [mem 0x1ffeb000-0x1ffeffff]
[    0.000000] kvm-clock: Using msrs 4b564d01 and 4b564d00
[    0.000000] kvm-clock: cpu 0, msr 0:1ffe3001, primary cpu clock
[    0.000000] kvm-clock: using sched offset of 4506038435 cycles
[    0.000000] clocksource: kvm-clock: mask: 0xffffffffffffffff max_cycles: 0x1cd42e4dffb, max_idle_ns: 881590591483 ns
[    0.000000] Zone ranges:
[    0.000000]   DMA      [mem 0x0000000000001000-0x0000000000ffffff]
[    0.000000]   DMA32    [mem 0x0000000001000000-0x000000001ffeffff]
[    0.000000]   Normal   empty
[    0.000000]   Device   empty
[    0.000000] Movable zone start for each node
[    0.000000] Early memory node ranges
[    0.000000]   node   0: [mem 0x0000000000001000-0x000000000009efff]
[    0.000000]   node   0: [mem 0x0000000000100000-0x000000001ffeffff]
[    0.000000] Initmem setup node 0 [mem 0x0000000000001000-0x000000001ffeffff]
[    0.000000] ACPI: PM-Timer IO Port: 0x4008
[    0.000000] IOAPIC[0]: apic_id 2, version 32, address 0xfec00000, GSI 0-23
[    0.000000] ACPI: INT_SRC_OVR (bus 0 bus_irq 0 global_irq 2 dfl dfl)
[    0.000000] ACPI: INT_SRC_OVR (bus 0 bus_irq 9 global_irq 9 low level)
[    0.000000] Using ACPI (MADT) for SMP configuration information
[    0.000000] smpboot: Allowing 2 CPUs, 0 hotplug CPUs
[    0.000000] PM: Registered nosave memory: [mem 0x00000000-0x00000fff]
[    0.000000] PM: Registered nosave memory: [mem 0x0009f000-0x0009ffff]
[    0.000000] PM: Registered nosave memory: [mem 0x000a0000-0x000effff]
[    0.000000] PM: Registered nosave memory: [mem 0x000f0000-0x000fffff]
[    0.000000] e820: [mem 0x20000000-0xfebfffff] available for PCI devices
[    0.000000] Booting paravirtualized kernel on KVM
[    0.000000] clocksource: refined-jiffies: mask: 0xffffffff max_cycles: 0xffffffff, max_idle_ns: 7645519600211568 ns
[    0.000000] setup_percpu: NR_CPUS:512 nr_cpumask_bits:512 nr_cpu_ids:2 nr_node_ids:1
[    0.000000] PERCPU: Embedded 33 pages/cpu @ffff88001fc00000 s95640 r8192 d31336 u1048576
[    0.000000] Built 1 zonelists in Node order, mobility grouping on.  Total pages: 128888
[    0.000000] Policy zone: DMA32
[    0.000000] Kernel command line: BOOT_IMAGE=/boot/vmlinuz-4.4.0-201-generic root=LABEL=cloudimg-rootfs ro console=tty1 console=ttyS0
[    0.000000] PID hash table entries: 2048 (order: 2, 16384 bytes)
[    0.000000] Memory: 481576K/523832K available (8641K kernel code, 1337K rwdata, 4044K rodata, 1492K init, 1296K bss, 42256K reserved, 0K cma-reserved)
[    0.000000] SLUB: HWalign=64, Order=0-3, MinObjects=0, CPUs=2, Nodes=1
[    0.000000] Kernel/User page tables isolation: enabled
[    0.000000] Hierarchical RCU implementation.
[    0.000000] 	Build-time adjustment of leaf fanout to 64.
[    0.000000] 	RCU restricting CPUs from NR_CPUS=512 to nr_cpu_ids=2.
[    0.000000] RCU: Adjusting geometry for rcu_fanout_leaf=64, nr_cpu_ids=2
[    0.000000] NR_IRQS:33024 nr_irqs:440 16
[    0.000000] Console: colour VGA+ 80x25
[    0.000000] console [tty1] enabled
[    0.000000] console [ttyS0] enabled
[    0.000000] tsc: Detected 4007.996 MHz processor
[    0.686881] Calibrating delay loop (skipped) preset value.. 8015.99 BogoMIPS (lpj=16031984)
[    0.696218] pid_max: default: 32768 minimum: 301
[    0.701222] ACPI: Core revision 20150930
[    0.706436] ACPI: 2 ACPI AML tables successfully acquired and loaded
[    0.714581] Security Framework initialized
[    0.719728] Yama: becoming mindful.
[    0.724175] AppArmor: AppArmor initialized
[    0.728963] Dentry cache hash table entries: 65536 (order: 7, 524288 bytes)
[    0.735989] Inode-cache hash table entries: 32768 (order: 6, 262144 bytes)
[    0.742735] Mount-cache hash table entries: 1024 (order: 1, 8192 bytes)
[    0.749218] Mountpoint-cache hash table entries: 1024 (order: 1, 8192 bytes)
[    0.757049] Initializing cgroup subsys io
[    0.762052] Initializing cgroup subsys memory
[    0.767120] Initializing cgroup subsys devices
[    0.772597] Initializing cgroup subsys freezer
[    0.777807] Initializing cgroup subsys net_cls
[    0.782647] Initializing cgroup subsys perf_event
[    0.787804] Initializing cgroup subsys net_prio
[    0.792791] Initializing cgroup subsys hugetlb
[    0.797877] Initializing cgroup subsys pids
[    0.804665] mce: CPU supports 0 MCE banks
[    0.809757] Last level iTLB entries: 4KB 64, 2MB 8, 4MB 8
[    0.828817] Last level dTLB entries: 4KB 64, 2MB 0, 4MB 0, 1GB 4
[    0.835260] Spectre V1 : Mitigation: usercopy/swapgs barriers and __user pointer sanitization
[    0.863146] Spectre V2 : Mitigation: Full generic retpoline
[    0.869050] Spectre V2 : Spectre v2 / SpectreRSB mitigation: Filling RSB on context switch
[    0.878083] Speculative Store Bypass: Vulnerable
[    0.883285] SRBDS: Unknown: Dependent on hypervisor status
[    0.889760] MDS: Mitigation: Clear CPU buffers
[    0.919996] Freeing SMP alternatives memory: 36K
[    0.971353] ftrace: allocating 32361 entries in 127 pages
[    1.331288] smpboot: APIC(0) Converting physical 0 to logical package 0
[    1.338462] smpboot: Max logical packages: 1
[    1.344553] x2apic enabled
[    1.349647] Switched APIC routing to physical x2apic.
[    1.361165] ..TIMER: vector=0x30 apic1=0 pin1=2 apic2=-1 pin2=-1
[    1.476539] smpboot: CPU0: Intel(R) Core(TM) i7-6700K CPU @ 4.00GHz (family: 0x6, model: 0x5e, stepping: 0x3)
[    1.489882] Performance Events: unsupported p6 CPU model 94 no PMU driver, software events only.
[    1.549939] KVM setup paravirtual spinlock
[    1.555599] x86: Booting SMP configuration:
[    1.560636] .... node  #0, CPUs:      #1
[    1.566100] kvm-clock: cpu 1, msr 0:1ffe3041, secondary cpu clock
[    1.572261] mce: CPU supports 0 MCE banks
[    1.577071] x86: Booted up 1 node, 2 CPUs
[    1.582921] smpboot: Total of 2 processors activated (16031.98 BogoMIPS)
[    1.592009] devtmpfs: initialized
[    1.597925] evm: security.selinux
[    1.602314] evm: security.SMACK64
[    1.607150] evm: security.SMACK64EXEC
[    1.611782] evm: security.SMACK64TRANSMUTE
[    1.616938] evm: security.SMACK64MMAP
[    1.621595] evm: security.ima
[    1.625700] evm: security.capability
[    1.630467] clocksource: jiffies: mask: 0xffffffff max_cycles: 0xffffffff, max_idle_ns: 7645041785100000 ns
[    1.640558] futex hash table entries: 512 (order: 3, 32768 bytes)
[    1.647560] pinctrl core: initialized pinctrl subsystem
[    1.653669] RTC time: 12:48:59, date: 02/08/21
[    1.659024] NET: Registered protocol family 16
[    1.676290] cpuidle: using governor ladder
[    1.696762] cpuidle: using governor menu
[    1.701680] PCCT header not found.
[    1.706075] ACPI: bus type PCI registered
[    1.711007] acpiphp: ACPI Hot Plug PCI Controller Driver version: 0.5
[    1.718442] PCI: Using configuration type 1 for base access
[    1.738182] ACPI: Added _OSI(Module Device)
[    1.743441] ACPI: Added _OSI(Processor Device)
[    1.748531] ACPI: Added _OSI(3.0 _SCP Extensions)
[    1.753651] ACPI: Added _OSI(Processor Aggregator Device)
[    1.760338] ACPI: Executed 1 blocks of module-level executable AML code
[    1.770639] ACPI: Interpreter enabled
[    1.775288] ACPI: (supports S0 S5)
[    1.779770] ACPI: Using IOAPIC for interrupt routing
[    1.785772] PCI: Using host bridge windows from ACPI; if necessary, use "pci=nocrs" and report a bug
[    1.801302] ACPI: PCI Root Bridge [PCI0] (domain 0000 [bus 00-ff])
[    1.807842] acpi PNP0A03:00: _OSC: OS supports [ASPM ClockPM Segments MSI]
[    1.815367] acpi PNP0A03:00: _OSC: not requesting OS control; OS requires [ExtendedConfig ASPM ClockPM MSI]
[    1.825951] acpi PNP0A03:00: fail to add MMCONFIG information, can't access extended PCI configuration space under this bridge.
[    1.838577] PCI host bridge to bus 0000:00
[    1.843706] pci_bus 0000:00: root bus resource [io  0x0000-0x0cf7 window]
[    1.850884] pci_bus 0000:00: root bus resource [io  0x0d00-0xffff window]
[    1.857636] pci_bus 0000:00: root bus resource [mem 0x000a0000-0x000bffff window]
[    1.866593] pci_bus 0000:00: root bus resource [mem 0x20000000-0xfdffffff window]
[    1.875286] pci_bus 0000:00: root bus resource [bus 00-ff]
[    1.888565] pci 0000:00:01.1: legacy IDE quirk: reg 0x10: [io  0x01f0-0x01f7]
[    1.896774] pci 0000:00:01.1: legacy IDE quirk: reg 0x14: [io  0x03f6]
[    1.903627] pci 0000:00:01.1: legacy IDE quirk: reg 0x18: [io  0x0170-0x0177]
[    1.960400] pci 0000:00:01.1: legacy IDE quirk: reg 0x1c: [io  0x0376]
[    2.075884] pci 0000:00:07.0: quirk: [io  0x4000-0x403f] claimed by PIIX4 ACPI
[    2.086065] pci 0000:00:07.0: quirk: [io  0x4100-0x410f] claimed by PIIX4 SMB
[    2.164762] ACPI: PCI Interrupt Link [LNKA] (IRQs 5 9 10 *11)
[    2.174634] ACPI: PCI Interrupt Link [LNKB] (IRQs 5 9 *10 11)
[    2.184208] ACPI: PCI Interrupt Link [LNKC] (IRQs 5 *9 10 11)
[    2.193540] ACPI: PCI Interrupt Link [LNKD] (IRQs 5 9 10 *11)
[    2.202578] ACPI: Enabled 2 GPEs in block 00 to 07
[    2.210855] vgaarb: setting as boot device: PCI:0000:00:02.0
[    2.216855] vgaarb: device added: PCI:0000:00:02.0,decodes=io+mem,owns=io+mem,locks=none
[    2.225787] vgaarb: loaded
[    2.229412] vgaarb: bridge control possible 0000:00:02.0
[    2.235837] SCSI subsystem initialized
[    2.241155] ACPI: bus type USB registered
[    2.245883] usbcore: registered new interface driver usbfs
[    2.251711] usbcore: registered new interface driver hub
[    2.257592] usbcore: registered new device driver usb
[    2.263796] PCI: Using ACPI for IRQ routing
[    2.270378] NetLabel: Initializing
[    2.274462] NetLabel:  domain hash size = 128
[    2.279434] NetLabel:  protocols = UNLABELED CIPSOv4
[    2.285238] NetLabel:  unlabeled traffic allowed by default
[    2.292372] amd_nb: Cannot enumerate AMD northbridges
[    2.298122] clocksource: Switched to clocksource kvm-clock
[    2.314306] AppArmor: AppArmor Filesystem Enabled
[    2.319592] pnp: PnP ACPI init
[    2.325454] pnp: PnP ACPI: found 3 devices
[    2.351339] clocksource: acpi_pm: mask: 0xffffff max_cycles: 0xffffff, max_idle_ns: 2085701024 ns
[    2.361568] NET: Registered protocol family 2
[    2.367298] TCP established hash table entries: 4096 (order: 3, 32768 bytes)
[    2.374884] TCP bind hash table entries: 4096 (order: 4, 65536 bytes)
[    2.381355] TCP: Hash tables configured (established 4096 bind 4096)
[    2.388574] UDP hash table entries: 256 (order: 1, 8192 bytes)
[    2.394794] UDP-Lite hash table entries: 256 (order: 1, 8192 bytes)
[    2.401690] NET: Registered protocol family 1
[    2.407241] pci 0000:00:00.0: Limiting direct PCI/PCI transfers
[    2.413295] pci 0000:00:01.0: Activating ISA DMA hang workarounds
[    2.421180] Unpacking initramfs...
[    2.631284] Freeing initrd memory: 14888K
[    2.636913] clocksource: tsc: mask: 0xffffffffffffffff max_cycles: 0x39c5ded8016, max_idle_ns: 440795406786 ns
[    2.647904] platform rtc_cmos: registered platform RTC device (no PNP device found)
[    2.657919] Scanning for low memory corruption every 60 seconds
[    2.666474] audit: initializing netlink subsys (disabled)
[    2.673960] audit: type=2000 audit(1612788545.383:1): initialized
[    2.681128] Initialise system trusted keyring
[    2.687123] HugeTLB registered 2 MB page size, pre-allocated 0 pages
[    2.694967] zbud: loaded
[    2.699283] VFS: Disk quotas dquot_6.6.0
[    2.704010] VFS: Dquot-cache hash table entries: 512 (order 0, 4096 bytes)
[    2.711625] squashfs: version 4.0 (2009/01/31) Phillip Lougher
[    2.718395] fuse init (API version 7.23)
[    2.723864] Key type big_key registered
[    2.728843] Allocating IMA MOK and blacklist keyrings.
[    2.740103] Key type asymmetric registered
[    2.745541] Asymmetric key parser 'x509' registered
[    2.751610] Block layer SCSI generic (bsg) driver version 0.4 loaded (major 249)
[    2.761501] io scheduler noop registered
[    2.766622] io scheduler deadline registered (default)
[    2.772754] io scheduler cfq registered
[    2.777767] pci_hotplug: PCI Hot Plug PCI Core version: 0.5
[    2.783833] pciehp: PCI Express Hot Plug Controller Driver version: 0.4
[    2.791903] ACPI: AC Adapter [AC] (on-line)
[    2.797233] input: Power Button as /devices/LNXSYSTM:00/LNXPWRBN:00/input/input0
[    2.806260] ACPI: Power Button [PWRF]
[    2.811668] input: Sleep Button as /devices/LNXSYSTM:00/LNXSLPBN:00/input/input1
[    2.820810] ACPI: Sleep Button [SLPF]
[    2.825954] GHES: HEST is not enabled!
[    2.830978] Serial: 8250/16550 driver, 32 ports, IRQ sharing enabled
[    2.86074] 00:0: ttyS0 atI/O 03f8 (ir = 4, bas_baud = 11200) is a 1550A
[    2.911915] Linux agpgart interface v0.103
[    2.921461] loop: module loaded
[    2.928426] scsi host0: ata_piix
[    2.933231] scsi host1: ata_piix
[    2.937471] ata1: PATA max UDMA/33 cmd 0x1f0 ctl 0x3f6 bmdma 0xd000 irq 14
[    2.944874] ata2: PATA max UDMA/33 cmd 0x170 ctl 0x376 bmdma 0xd008 irq 15
[    2.953923] libphy: Fixed MDIO Bus: probed
[    2.958872] tun: Universal TUN/TAP device driver, 1.6
[    2.964339] tun: (C) 1999-2004 Max Krasnyansky <maxk@qualcomm.com>
[    2.971245] PPP generic driver version 2.4.2
[    2.976141] ehci_hcd: USB 2.0 'Enhanced' Host Controller (EHCI) Driver
[    2.983246] ehci-pci: EHCI PCI platform driver
[    2.989727] ehci-platform: EHCI generic platform driver
[    2.995525] ohci_hcd: USB 1.1 'Open' Host Controller (OHCI) Driver
[    3.001994] ohci-pci: OHCI PCI platform driver
[    3.007754] ohci-platform: OHCI generic platform driver
[    3.013410] uhci_hcd: USB Universal Host Controller Interface driver
[    3.020564] i8042: PNP: PS/2 Controller [PNP0303:PS2K,PNP0f03:PS2M] at 0x60,0x64 irq 1,12
[    3.031967] serio: i8042 KBD port at 0x60,0x64 irq 1
[    3.037611] serio: i8042 AUX port at 0x60,0x64 irq 12
[    3.043281] mousedev: PS/2 mouse device common for all mice
[    3.050908] rtc_cmos rtc_cmos: rtc core: registered rtc_cmos as rtc0
[    3.058825] rtc_cmos rtc_cmos: alarms up to one day, 114 bytes nvram
[    3.066002] input: AT Translated Set 2 keyboard as /devices/platform/i8042/serio0/input/input2
[    3.066283] i2c /dev entries driver
[    3.066395] device-mapper: uevent: version 1.0.3
[    3.077401] device-mapper: ioctl: 4.34.0-ioctl (2015-10-28) initialised: dm-devel@redhat.com
[    3.077425] ledtrig-cpu: registered to indicate activity on CPUs
[    3.077804] NET: Registered protocol family 10
[    3.078348] NET: Registered protocol family 17
[    3.078359] Key type dns_resolver registered
[    3.078623] registered taskstats version 1
[    3.078637] Loading compiled-in X.509 certificates
[    3.079210] Loaded X.509 cert 'Build time autogenerated kernel key: 9e5e2330314f2a00b0409bdb338e201244d5149f'
[    3.079229] zswap: loaded using pool lzo/zbud
[    3.081574] Key type trusted registered
[    3.084262] Key type encrypted registered
[    3.084266] AppArmor: AppArmor sha1 policy hashing enabled
[    3.084274] ima: No TPM chip found, activating TPM-bypass!
[    3.084280] ima: Allocated hash algorithm: sha1
[    3.084408] evm: HMAC attrs: 0x1
[    3.085386]   Magic number: 9:634:834
[    3.087999] rtc_cmos rtc_cmos: setting system clock to 2021-02-08 12:49:00 UTC (1612788540)
[    3.088087] BIOS EDD facility v0.16 2004-Jun-25, 0 devices found
[    3.088087] EDD information not available.
[    3.208124] Freeing unused kernel memory: 1492K
[    3.433390] Write protecting the kernel read-only data: 14336k
[    3.445908] Freeing unused kernel memory: 1588K
[    3.453656] Freeing unused kernel memory: 52K
Loading, please wait...
starting version 229
[    3.482288] random: udevadm: uninitialized urandom read (16 bytes read, 5 bits of entropy available)
[    3.482552] random: systemd-udevd: uninitialized urandom read (16 bytes read, 5 bits of entropy available)
[    3.482640] random: systemd-udevd: uninitialized urandom read (16 bytes read, 5 bits of entropy available)
[    3.482649] random: systemd-udevd: uninitialized urandom read (16 bytes read, 5 bits of entropy available)
[    3.482658] random: systemd-udevd: uninitialized urandom read (16 bytes read, 5 bits of entropy available)
[    3.531209] random: udevadm: uninitialized urandom read (16 bytes read, 5 bits of entropy available)
[    3.547668] random: systemd-udevd: uninitialized urandom read (16 bytes read, 5 bits of entropy available)
[    3.550401] random: udevadm: uninitialized urandom read (16 bytes read, 5 bits of entropy available)
[    3.550435] random: udevadm: uninitialized urandom read (16 bytes read, 5 bits of entropy available)
[    3.550570] random: udevadm: uninitialized urandom read (16 bytes read, 5 bits of entropy available)
[    3.650686] e1000: Intel(R) PRO/1000 Network Driver - version 7.3.21-k8-NAPI
[    3.659134] e1000: Copyright (c) 1999-2006 Intel Corporation.
[    3.680728] Fusion MPT base driver 3.04.20
[    3.685756] Copyright (c) 1999-2008 LSI Corporation
[    3.710709] AVX2 version of gcm_enc/dec engaged.
[    3.717002] AES CTR mode by8 optimization enabled
[    3.728156] Fusion MPT SPI Host driver 3.04.20
[    4.495348] input: ImExPS/2 Generic Explorer Mouse as /devices/platform/i8042/serio1/input/input4
[    4.532393] e1000 0000:00:03.0 eth0: (PCI:33MHz:32-bit) 02:0f:4d:7a:2e:0f
[    4.540126] e1000 0000:00:03.0 eth0: Intel(R) PRO/1000 Network Connection
[    5.104331] e1000 0000:00:08.0 eth1: (PCI:33MHz:32-bit) 08:00:27:cc:af:3b
[    5.113192] e1000 0000:00:08.0 eth1: Intel(R) PRO/1000 Network Connection
[    5.121831] e1000 0000:00:03.0 enp0s3: renamed from eth0
[    5.130729] mptbase: ioc0: Initiating bringup
[    5.142365] e1000 0000:00:08.0 enp0s8: renamed from eth1
[    5.435961] ioc0: LSI53C1030 A0: Capabilities={Initiator}
[    7.098071] scsi host2: ioc0: LSI53C1030 A0, FwRev=00000000h, Ports=1, MaxQ=256, IRQ=20
[    8.488633] scsi 2:0:0:0: Direct-Access     VBOX     HARDDISK         1.0  PQ: 0 ANSI: 5
[    8.523629] scsi target2:0:0: Beginning Domain Validation
[    8.541139] scsi target2:0:0: Domain Validation skipping write tests
[    8.548914] scsi target2:0:0: Ending Domain Validation
[    8.555875] scsi target2:0:0: asynchronous
[    8.563349] scsi 2:0:1:0: Direct-Access     VBOX     HARDDISK         1.0  PQ: 0 ANSI: 5
[    8.573180] scsi target2:0:1: Beginning Domain Validation
[    8.634707] scsi target2:0:1: Domain Validation skipping write tests
[    8.641860] scsi target2:0:1: Ending Domain Validation
[    8.647858] scsi target2:0:1: asynchronous
[    8.669286] sd 2:0:0:0: Attached scsi generic sg0 type 0
[    8.675259] sd 2:0:0:0: [sda] 83886080 512-byte logical blocks: (42.9 GB/40.0 GiB)
[    8.684193] sd 2:0:1:0: Attached scsi generic sg1 type 0
[    8.684359] sd 2:0:1:0: [sdb] 20480 512-byte logical blocks: (10.5 MB/10.0 MiB)
[    8.684633] sd 2:0:0:0: [sda] Write Protect is off
[    8.684759] sd 2:0:1:0: [sdb] Write Protect is off
[    8.685013] sd 2:0:0:0: [sda] Incomplete mode parameter data
[    8.685014] sd 2:0:0:0: [sda] Assuming drive cache: write through
[    8.685016] sd 2:0:1:0: [sdb] Incomplete mode parameter data
[    8.685017] sd 2:0:1:0: [sdb] Assuming drive cache: write through
[    8.687324]  sda: sda1
[    8.688564] sd 2:0:1:0: [sdb] Attached SCSI disk
[    8.688979] sd 2:0:0:0: [sda] Attached SCSI disk
Begin: Loading essential drivers ... [   11.257423] md: linear personality registered for level -1
[   11.268340] md: multipath personality registered for level -4
[   11.277812] md: raid0 personality registered for level 0
[   11.300047] md: raid1 personality registered for level 1
[   11.382243] raid6: sse2x1   gen()  7554 MB/s
[   11.513259] raid6: sse2x1   xor() 18982 MB/s
[   11.653152] raid6: sse2x2   gen() 28688 MB/s
[   11.913020] raid6: sse2x2   xor() 24206 MB/s
[   12.127310] raid6: sse2x4   gen() 29083 MB/s
[   12.337661] raid6: sse2x4   xor() 18613 MB/s
[   12.469049] raid6: avx2x1   gen() 46232 MB/s
[   12.645093] raid6: avx2x2   gen() 53588 MB/s
[   12.869149] raid6: avx2x4   gen() 59957 MB/s
[   12.875827] raid6: using algorithm avx2x4 gen() 59957 MB/s
[   12.883733] raid6: using avx2x2 recovery algorithm
[   12.892683] xor: automatically using best checksumming function:
[   12.938146]    avx       : 28069.000 MB/sec
[   12.944777] async_tx: api initialized (async)
[   12.975939] md: raid6 personality registered for level 6
[   12.982371] md: raid5 personality registered for level 5
[   12.988366] md: raid4 personality registered for level 4
[   13.008019] md: raid10 personality registered for level 10
done.
Begin: Running /scripts/init-premount ... done.
Begin: Mounting root file system ... Begin: Running /scripts/local-top ... done.
Begin: Running /scripts/local-premount ... [   13.070068] Btrfs loaded
Scanning for Btrfs filesystems
done.
Warning: fsck not present, so skipping root file system
[   13.115386] EXT4-fs (sda1): mounted filesystem with ordered data mode. Opts: (null)
done.
Begin: Running /scripts/local-bottom ... done.
Begin: Running /scripts/init-bottom ... done.
[   13.250484] systemd[1]: systemd 229 running in system mode. (+PAM +AUDIT +SELINUX +IMA +APPARMOR +SMACK +SYSVINIT +UTMP +LIBCRYPTSETUP +GCRYPT +GNUTLS +ACL +XZ -LZ4 +SECCOMP +BLKID +ELFUTILS +KMOD -IDN)
[   13.274119] systemd[1]: Detected virtualization oracle.
[   13.280086] systemd[1]: Detected architecture x86-64.

Welcome to [1mUbuntu 16.04.7 LTS[0m!

[   13.292423] systemd[1]: Set hostname to <ubuntu>.
[   13.304670] systemd[1]: Initializing machine ID from random generator.
[   13.312595] systemd[1]: Installed transient /etc/machine-id file.
[   13.498283] systemd[1]: Started Trigger resolvconf update for networkd DNS.
[[0;32m  OK  [0m] Started Trigger resolvconf update for networkd DNS.
[   13.511653] systemd[1]: Listening on Journal Socket (/dev/log).
[[0;32m  OK  [0m] Listening on Journal Socket (/dev/log).
[   13.523169] systemd[1]: Listening on Journal Audit Socket.
[[0;32m  OK  [0m] Listening on Journal Audit Socket.
[   13.533936] systemd[1]: Listening on /dev/initctl Compatibility Named Pipe.
[[0;32m  OK  [0m] Listening on /dev/initctl Compatibility Named Pipe.
[   13.546499] systemd[1]: Listening on Journal Socket.
[[0;32m  OK  [0m] Listening on Journal Socket.
[   13.556008] systemd[1]: Created slice System Slice.
[[0;32m  OK  [0m] Created slice System Slice.
[   13.574790] systemd[1]: Starting Set console keymap...
         Starting Set console keymap...
[   13.586556] systemd[1]: Mounting Huge Pages File System...
         Mounting Huge Pages File System...
[   13.599249] systemd[1]: Mounting POSIX Message Queue File System...
         Mounting POSIX Message Queue File System...
[   13.612325] systemd[1]: Starting Remount Root and Kernel File Systems...
         Starting Remount Root and Kernel[   13.623772] EXT4-fs (sda1): re-mounted. Opts: (null)
 File Systems...
[   13.629665] systemd[1]: Listening on Syslog Socket.
[[0;32m  OK  [0m] Listening on Syslog Socket.
[   13.650242] systemd[1]: Starting Nameserver information manager...
         Starting Nameserver information manager...
[   13.662417] systemd[1]: Reached target User and Group Name Lookups.
[[0;32m  OK  [0m] Reached target User and Group Name Lookups.
[   13.673835] systemd[1]: Reached target Encrypted Volumes.
[[0;32m  OK  [0m] Reached target Encrypted Volumes.
[   13.685718] systemd[1]: Mounting Debug File System...
         Mounting Debug File System...
[   13.696196] systemd[1]: Listening on LVM2 metadata daemon socket.
[[0;32m  OK  [0m] Listening on LVM2 metadata daemon socket.
[   13.709837] systemd[1]: Starting Create list of required static device nodes for the current kernel...
         Starting Create list of required st... nodes for the current kernel...
[   13.727810] systemd[1]: Reached target Swap.
[[0;32m  OK  [0m] Reached target Swap.
[   13.737519] systemd[1]: Starting Uncomplicated firewall...

   13.743898] random: nonblocking pool is initialized
         Starting Uncomplicated firewall...
[   13.751905] systemd[1]: Listening on Device-mapper event daemon FIFOs.
[[0;32m  OK  [0m] Listening on Device-mapper event daemon FIFOs.
[   13.764152] systemd[1]: Started Forward Password Requests to Wall Directory Watch.
[[0;32m  OK  [0m] Started Forward Password Requests to Wall Directory Watch.
[   13.778553] systemd[1]: Reached target System Time Synchronized.
[[0;32m  OK  [0m] Reached target System Time Synchronized.
[   13.789677] systemd[1]: Listening on LVM2 poll daemon socket.
[[0;32m  OK  [0m] Listening on LVM2 poll daemon socket.
[   13.810729] systemd[1]: Starting Monitoring of LVM2 mirrors, snapshots etc. using dmeventd or progress polling...
         Starting Monitoring of LVM2 mirrors... dmeventd or progress polling...
[   13.828250] systemd[1]: Set up automount Arbitrary Executable File Formats File System Automount Point.
[[0;32m  OK  [0m] Set up automount Arbitrary Executab...ats File System Automount Point.
[   13.848665] systemd[1]: Listening on udev Control Socket.
[[0;32m  OK  [0m] Listening on udev Control Socket.
[   13.860586] systemd[1]: Created slice User and Session Slice.
[[0;32m  OK  [0m] Created slice User and Session Slice.
[   13.872725] systemd[1]: Reached target Slices.
[[0;32m  OK  [0m] Reached target Slices.
[   13.894642] systemd[1]: Starting Journal Service...
         Starting Journal Service...
[   13.904859] systemd[1]: Listening on udev Kernel Socket.
[[0;32m  OK  [0m] Listening on udev Kernel Socket.
[   13.920880] systemd[1]: Starting Load Kernel Modules...
         Starting Load Kernel Modules...
[   13.932698] systemd[1]: Created slice system-serial\x2dgetty.slice.
[[0;32m  OK  [0m] Created slice system-serial\x2dgetty.slice.
[   13.946993] systemd[1]: Mounted POSIX Message Queue File System.
[[0;32m  OK  [0m] Mounted POSIX Message Queue File System.
[   13.960526] systemd[1]: Mounted Huge Pages File System.
[[0;32m  OK  [0m] Mounted Huge Pages File System.
[   13.972705] systemd[1]: Mounted Debug File System.
[[0;32m  OK  [0m] Mounted Debug File System.
[   13.982992] systemd[1]: Started Journal Service.
[   13.989184] Loading iSCSI transport class v2.0-870.
[[0;32m  OK  [0m] Started Journal Service.
[[0;32m  OK  [0m] Started Set console keymap.
[[0;32m  OK  [0m] Started Remount Root and Kernel File Systems.

   14.008302] iscsi: registered transport (tcp)
[[0;32m  OK  [0m] Started Create list of required sta...ce nodes for the current kernel.
[[0;32m  OK  [0m] Started Uncomplicated firewall.
[[0;32m  OK  [0m] Started Nameserver information manager.
[[0;32m  OK  [0m] Started LVM2 metadata daemon.
         Starting Create Static Device Nodes in /dev...
         Starting Load/Save Random Seed...
         Starting udev Coldplug all Devices...
         Starting Flush Journal to Persistent Storage...
[[0;32m  OK  [0m] Started Load/Save Random Seed.
[   14.091279] systemd-journald[399]: Received request to flush runtime journal from PID 1
[   14.105622] iscsi: registered transport (iser)
[[0;32m  OK  [0m] Started Create Static Device Nodes in /dev.
[[0;32m  OK  [0m] Started Load Kernel Modules.
[[0;32m  OK  [0m] Started Flush Journal to Persistent Storage.
[[0;32m  OK  [0m] Started udev Coldplug all Devices.
         Starting Apply Kernel Variables...
         Mounting FUSE Control File System...
         Starting udev Kernel Device Manager...
[[0;32m  OK  [0m] Mounted FUSE Control File System.
[[0;32m  OK  [0m] Started Apply Kernel Variables.
[[0;32m  OK  [0m] Started udev Kernel Device Manager.
[[0;32m  OK  [0m] Started Dispatch Password Requests to Console Directory Watch.
[[0;32m  OK  [0m] Found device /dev/ttyS0.
[[0;32m  OK  [0m] Listening on Load/Save RF Kill Switch Status /dev/rfkill Watch.
[[0;32m  OK  [0m] Started Monitoring of LVM2 mirrors,...ng dmeventd or progress polling.
[[0;32m  OK  [0m] Reached target Local File Systems (Pre).
[[0;32m  OK  [0m] Reached target Local File Systems.
         Starting LSB: AppArmor initialization...
         Starting Set console font and keymap...
         Starting Create Volatile Files and Directories...
         Starting Initial cloud-init job (pre-networking)...
         Starting Tell Plymouth To Write Out Runtime Data...
         Starting Commit a transient machine-id on disk...
[[0;32m  OK  [0m] Started Create Volatile Files and Directories.
         Starting Update UTMP about System Boot/Shutdown...
[[0;32m  OK  [0m] Started Tell Plymouth To Write Out Runtime Data.
[[0;32m  OK  [0m] Started LSB: AppArmor initialization.
[   14.275402] cloud-init[563]: Cloud-init v. 20.4.1-0ubuntu1~16.04.1 running 'init-local' at Mon, 08 Feb 2021 12:49:12 +0000. Up 13.99 seconds.
[[0;32m  OK  [0m] Started Commit a transient machine-id on disk.
[[0;32m  OK  [0m] Started Initial cloud-init job (pre-networking).
[[0;32m  OK  [0m] Reached target Network (Pre).
         Starting Raise network interfaces...
         Starting Load AppArmor profiles managed internally by snapd...
[[0;32m  OK  [0m] Started Update UTMP about System Boot/Shutdown.
[[0;32m  OK  [0m] Started Load AppArmor profiles managed internally by snapd.
[[0;32m  OK  [0m] Started Set console font and keymap.
[[0;32m  OK  [0m] Created slice system-getty.slice.
[[0;32m  OK  [0m] Started Raise network interfaces.
         Starting Initial cloud-init job (metadata service crawler)...
[[0;32m  OK  [0m] Reached target Network.
[   18.652105] cloud-init[956]: Cloud-init v. 20.4.1-0ubuntu1~16.04.1 running 'init' at Mon, 08 Feb 2021 12:49:16 +0000. Up 18.14 seconds.
[   18.659606] cloud-init[956]: ci-info: ++++++++++++++++++++++++++++++++++++++Net device info++++++++++++++++++++++++++++++++++++++
[   18.668737] cloud-init[956]: ci-info: +--------+-------+---------------------------+---------------+--------+-------------------+
[   18.677772] cloud-init[956]: ci-info: | Device |   Up  |          Address          |      Mask     | Scope  |     Hw-Address    |
[   18.687283] cloud-init[956]: ci-info: +--------+-------+---------------------------+---------------+--------+-------------------+
[   18.695803] cloud-init[956]: ci-info: | enp0s3 |  True |         10.0.2.15         | 255.255.255.0 | global | 02:0f:4d:7a:2e:0f |[[0;32m  OK  [0m] Started Initial cloud-init job (metadata service crawler).

[[0;32m  OK  [0m] Reached target Network is Online.
[   18.715030] cloud-init[956]: ci-info: | enp0s3 |  True | fe80::f:4dff:fe7a:2e0f/64 |       .       |  link  | 02:0f:4d:7a:2e:0f |
[   18.725023] cloud-init[956]: ci-info: | enp0s8 | False |             .             |       .       |   .    | 08:00:27:cc:af:3b |         Starting iSCSI initiator daemon (iscsid)...
[[0;32m  OK  [0m] Reached target Cloud-config availability.
[[0;32m  OK  [0m] Reached target System Initialization.
[[0;32m  OK  [0m] Started Daily Cleanup of Temporary Directories.
[[0;32m  OK  [0m] Started Daily apt download activities.

         Starting LXD - unix socket.
[   18.747429] cloud-init[956]: [[0;32m  OK  [0m] Listening on D-Bus System Message Bus Socket.
[[0;32m  OK  [0m] Listening on ACPID Listen Socket.
[[0;32m  OK  [0m] Listening on UUID daemon activation socket.
[[0;32m  OK  [0m] Started Daily apt upgrade and clean activities.
         Starting Socket activation for snappy daemon.
ci-info: |   lo   |  True |         127.0.0.1         |   255.0.0.0   |  host  |         .         |
[   18.768634] cloud-init[956]: ci-info: |   lo   |  True |          ::1/128          |       .       |  host  |         .         |[[0;32m  OK  [0m] Started ACPI Events Check.
[[0;32m  OK  [0m] Reached target Paths.
[[0;32m  OK  [0m] Started Message of the Day.
[[0;32m  OK  [0m] Reached target Timers.
[[0;32m  OK  [0m] Listening on LXD - unix socket.
[[0;32m  OK  [0m] Listening on Socket activation for snappy daemon.
[[0;32m  OK  [0m] Reached target Sockets.
[[0;32m  OK  [0m] Reached target Basic System.

[   18.795965] cloud-init[956]: ci-info: +--------+-------+---------------------------+---------------+--------+-------------------+
[   18.804916] cloud-init         Starting System Logging Service...
[956]: ci-info: +++++++++++++++++++++++++++Route IPv4 info++++++++++++++++++++++++++++
         Starting LXD - container startup/shutdown...
[   18.819996] [[0;32m  OK  [0m] Started Regular background program processing daemon.
cloud-init[956]: ci-info: +-------+-------------+----------+---------------+-----------+-------+         Starting Accounts Service...

[   18.838258]          Starting Virtualbox guest utils...
cloud-init[956]: ci-info: | Route | Destination | Gateway  |    Genmask    | Interface | Flags |
         Starting LSB: MD monitoring daemon...
[[0;32m  OK  [0m] Started FUSE filesystem for LXC.
[   18.861582] cloud-init[956]: ci-info: +-------+-------------+----------+---------------+-----------+-------+
[   18.876764] cloud-init[956]: ci-info: |   0   |   0.0.0.0   | 10.0.2.2 |    0.0.0.0    |   enp0s3  |   UG  |
[   18.884398] cloud-init[956]: ci-info: |   1   |   10.0.2.0  | 0.0.0.0  | 255.255.255.0 |   enp0s3  |   U   |
         Starting Pollinate to seed the pseudo random number generator...
[[0;32m  OK  [0m] Started D-Bus System Message Bus.
[   18.901586] cloud-init[956]: ci-info: +-------+-------------+----------+---------------+-----------+-------+
[   18.918346] cloud-init[956]: ci-info: +++++++++++++++++++Route IPv6 info+++++++++++++++++++
[   18.927594] cloud-init[956]: ci-info: +-------+-------------+---------+-----------+-------+
[   18.939355] cloud-init[956]: ci-info: | Route | Destination | Gateway | Interface | Flags |
[   18.949525] cloud-init[956]: ci-info: +-------+-------------+---------+-----------+-------+
[   18.966141] cloud-init[956]: ci-info: |   0   |  fe80::/64  |    ::   |   enp0s3  |   U   |
[[0;32m  OK  [0m] Started ACPI event daemon.
[[0;32m  OK  [0m] Started Deferred execution scheduler.
         Starting Login Service...
[   18.989572]          Starting /etc/rc.local Compatibility...
cloud-init         Starting Snap Daemon...
[956]: ci-info: |   3   |   ff00::/8  |    ::   |   enp0s3  |   U   |
[   19.024781] cloud-init[956]: ci-info: +-------+-------------+---------+-----------+-------+
[   19.029751] cloud-init[956]: Generating public/private rsa key pair.
[   19.029815]          Starting LSB: Record successful boot for GRUB...
[[0;32m  OK  [0m] Started System Logging Service.
[[0;32m  OK  [0m] Started /etc/rc.local Compatibility.
cloud-init         Starting Authenticate and Authorize Users to Run Privileged Tasks...
[956]: Your identification has been saved in /etc/ssh/ssh_host_rsa_key.
[[0;32m  OK  [0m] Started iSCSI initiator daemon (iscsid).
[   19.096777] cloud-init[[0;32m  OK  [0m] Started Login Service.
[[0;32m  OK  [0m] Started Unattended Upgrades Shutdown.
         Starting Login to default iSCSI targets...
[956]: [[0;32m  OK  [0m] Started LXD - container startup/shutdown.
[[0;32m  OK  [0m] Started Login to default iSCSI targets.
[[0;32m  OK  [0m] Reached target Remote File Systems (Pre).
[[0;32m  OK  [0m] Reached target Remote File Systems.
         Starting LSB: Set the CPU Frequency Scaling governor to "ondemand"...
         Starting LSB: daemon to balance interrupts for SMP systems...
         Starting LSB: automatic crash report generation...
         Starting Permit User Sessions...
[[0;32m  OK  [0m] Started Permit User Sessions.
         Starting Terminate Plymouth Boot Screen...
         Starting Hold until boot process finishes up...
[[0;32m  OK  [0m] Started Hold until boot process finishes up.
[[0;32m  OK  [0m] Started Getty on tty1.
[[0;32m  OK  [0m] Started Serial Getty on ttyS0.
[[0;32m  OK  [0m] Reached target Login Prompts.
         Starting Set console scheme...
[[0;32m  OK  [0m] Started Terminate Plymouth Boot Screen.
[[0;32m  OK  [0m] Started LSB: Record successful boot for GRUB.
[[0;32m  OK  [0m] Started Set console scheme.
Your public key has been saved in /etc/ssh/ssh_host_rsa_key.pub.[[0;32m  OK  [0m] Started LSB: MD monitoring daemon.
[[0;32m  OK  [0m] Started LSB: Set the CPU Frequency Scaling governor to "ondemand".

[[0;32m  OK  [0m] Started LSB: daemon to balance interrupts for SMP systems.
[[0;32m  OK  [0m] Started LSB: automatic crash report generation.
[   19.246028] cloud-init[956]: The key fingerprint is:
[   19.262681] cloud-init[956]: SHA256:TMhvaC4HMGhPEtudhrM0xSgf17wGMGTU8cTdgFYCB4U root@ubuntu-xenial
[   19.281565] cloud-init[956]: The key's randomart image is:[[0;32m  OK  [0m] Started Authenticate and Authorize Users to Run Privileged Tasks.

[   19.294175] cloud-init[956]: +---[RSA 2048]----+
[[0;32m  OK  [0m] Started Accounts Service.
[   19.311359] cloud-init[956]: | .o*==X=+oo      |
[   19.318123] cloud-init[956]: | o=o=E=B.. .     |
[   19.326304] cloud-init[956]: |.+=Bo+=.o        |
[   19.335091] cloud-init[956]: |. =+=  B         |
[   19.342747] cloud-init[956]: |   o. + S        |
[   19.349835] cloud-init[956]: |     + .         |
[   19.362867] cloud-init[956]: |    . o          |
[   19.370534] cloud-init[956]: |     o           |
[[0;32m  OK  [0m] Started Virtualbox guest utils.
[   19.383593] cloud-init[956]: |                 |
[   19.395522] cloud-init[956]: +----[SHA256]-----+
[   19.399253] cloud-init[956]: Generating public/private dsa key pair.
[   19.421073] cloud-init[956]: Your identification has been saved in /etc/ssh/ssh_host_dsa_key.
[   19.431523] cloud-init[956]: Your public key has been saved in /etc/ssh/ssh_host_dsa_key.pub.
[   19.438173] cloud-init[956]: The key fingerprint is:
[   19.442503] cloud-init[956]: SHA256:p+hvl9+fMdA4F3RjgV+fwDTjvZ/GZHxyg8Acxy4oVmI root@ubuntu-xenial
[   19.449437] cloud-init[956]: The key's randomart image is:
[   19.454965] cloud-init[956]: +---[DSA 1024]----+
[   19.459017] cloud-init[956]: |           .+=.=o|
[   19.463136] cloud-init[956]: |       E .o +=* +|
[   19.467521] cloud-init[956]: |      . o .+..oo+|
[   19.475193] cloud-init[956]: |       o . ...=o+|
[   19.488439] cloud-init[956]: |      . S . .=.Oo|
[   19.496044] cloud-init[956]: |       . o    Bo=|
[   19.509133] cloud-init[956]: |      . .  .   *.|
[   19.516301] cloud-init[956]: |     .  . o  .. +|
[   19.524872] cloud-init[956]: |      .o.. .. .o.|
[   19.532184] cloud-init[956]: +----[SHA256]-----+
[   19.537708] cloud-init[956]: Generating public/private ecdsa key pair.
[   19.545315] cloud-init[956]: Your identification has been saved in /etc/ssh/ssh_host_ecdsa_key.
[   19.551997] cloud-init[956]: Your public key has been saved in /etc/ssh/ssh_host_ecdsa_key.pub.
[   19.560105] cloud-init[956]: The key fingerprint is:
[   19.566769] cloud-init[956]: SHA256:5X9pVcsrowTSYdwiyanr7fGIrrsqVs9Q7Zgr1gLV1Cs root@ubuntu-xenial
[   19.574467] cloud-init[956]: The key's randomart image is:
[   19.580424] cloud-init[956]: +---[ECDSA 256]---+
[   19.587019] cloud-init[956]: |      .          |
[   19.591966] cloud-init[956]: |     ...+ .      |
[   19.596154] cloud-init[956]: [[0;32m  OK  [0m] Started Snap Daemon.
|    o .=.=..    .|
[   19.602919] cloud-init[956]: |   . E.o+oo   . o|
[   19.608172] cloud-init[956]: |  . ..=.So.    o.|
[   19.613365] cloud-init[956]: | . o o... ..   o.|
         Starting Wait until snapd is fully seeded...
[   19.620731] cloud-init[956]: |  o =...   ..o+. |
[   19.629065] cloud-init[956]: |.. +.=o + . .oo  |
[   19.637038] cloud-init[956]: |o.o+B+.+ . .     |
[   19.643231] cloud-init[956]: +----[SHA256]-----+
[   19.648153] cloud-init[956]: Generating public/private ed25519 key pair.
[   19.653757] cloud-init[956]: Your identification has been saved in /etc/ssh/ssh_host_ed25519_key.
[   19.660886] cloud-init[956]: Your public key has been saved in /etc/ssh/ssh_host_ed25519_key.pub.
[   19.675001] cloud-init[956]: The key fingerprint is:
[   19.680438] cloud-init[956]: SHA256:eR4DYXZoONnUaNbChuHaxsCj7oUmhzv952EgbU4klXU root@ubuntu-xenial
[   19.688089] cloud-init[956]: The key's randomart image is:
[   19.694230] cloud-init[956]: +--[ED25519 256]--+
[   19.700440] cloud-init[956]: |    .ooOE=.      |
[   19.706403] cloud-init[956]: |   o..=+@oo      |
[   19.713122] cloud-init[956]: |  . = .*..       |
[   19.718784] cloud-init[956]: |   = *   o       |
[   19.725360] cloud-init[956]: |  o * + S +      |
[   19.731189] cloud-init[956]: | o * o   o o     |
[   19.737551] cloud-init[956]: |o.= o o   .      |
[   19.743737] cloud-init[956]: |.*.. ...         |
[   19.748572] cloud-init[956]: |.....o.          |
[   19.753933] cloud-init[956]: +----[SHA256]-----+
[[0;32m  OK  [0m] Started Pollinate to seed the pseudo random number generator.
         Starting OpenBSD Secure Shell server...
[[0;32m  OK  [0m] Started OpenBSD Secure Shell server.
[[0;32m  OK  [0m] Started Wait until snapd is fully seeded.
[[0;32m  OK  [0m] Reached target Multi-User System.
[[0;32m  OK  [0m] Reached target Graphical Interface.
         Starting Update UTMP about System Runlevel Changes...
         Starting Apply the settings specified in cloud-config...
[[0;32m  OK  [0m] Started Update UTMP about System Runlevel Changes.
[   21.582416] cloud-init[1317]: Generating locales (this might take a while)...
[   22.213865] cloud-init[1317]:   en_US.UTF-8... done
[   22.217800] cloud-init[1317]: Generation complete.
[   22.497318] cloud-init[1317]: Cloud-init v. 20.4.1-0ubuntu1~16.04.1 running 'modules:config' at Mon, 08 Feb 2021 12:49:20 +0000. Up 21.50 seconds.
[[0;32m  OK  [0m] Started Apply the settings specified in cloud-config.
         Starting Execute cloud user/final scripts...
ci-info: no authorized SSH keys fingerprints found for user ubuntu.
<14>Feb  8 12:49:21 ec2: 
<14>Feb  8 12:49:21 ec2: #############################################################
<14>Feb  8 12:49:21 ec2: -----BEGIN SSH HOST KEY FINGERPRINTS-----
<14>Feb  8 12:49:21 ec2: 1024 SHA256:p+hvl9+fMdA4F3RjgV+fwDTjvZ/GZHxyg8Acxy4oVmI root@ubuntu-xenial (DSA)
<14>Feb  8 12:49:21 ec2: 256 SHA256:5X9pVcsrowTSYdwiyanr7fGIrrsqVs9Q7Zgr1gLV1Cs root@ubuntu-xenial (ECDSA)
<14>Feb  8 12:49:21 ec2: 256 SHA256:eR4DYXZoONnUaNbChuHaxsCj7oUmhzv952EgbU4klXU root@ubuntu-xenial (ED25519)
<14>Feb  8 12:49:21 ec2: 2048 SHA256:TMhvaC4HMGhPEtudhrM0xSgf17wGMGTU8cTdgFYCB4U root@ubuntu-xenial (RSA)
<14>Feb  8 12:49:21 ec2: -----END SSH HOST KEY FINGERPRINTS-----
<14>Feb  8 12:49:21 ec2: #############################################################
-----BEGIN SSH HOST KEY KEYS-----
ecdsa-sha2-nistp256 AAAAE2VjZHNhLXNoYTItbmlzdHAyNTYAAAAIbmlzdHAyNTYAAABBBC5b7+uEx6J7JjROOPr2+P6c2BSiVZ9QS9zTjjp83/nvOCmO6SgcBr+xjTVHvsMekpYpOjUdC970JLAInIIifto= root@ubuntu-xenial
ssh-ed25519 AAAAC3NzaC1lZDI1NTE5AAAAIO/zAXcqhFG3pitj+RZbqCUFN3PeaneVMXlY5ZeHL8nj root@ubuntu-xenial
ssh-rsa AAAAB3NzaC1yc2EAAAADAQABAAABAQDorTaXczXGdbPbOzsCaFn7yPzntvhsijrrnv21VGhgefTodteE8eRWVxx5LJ61ptXksi3Rx2UENw4ck5xLTLGW3zcKdAjaIfXgeFRTNXkFE5+POymS3fsHybRbjgRRCZpeqbZDzNRhoO9KMNkPCxyv6a8Gj39fI5A9Zs2Ai7wL2pPlaHcq2RQGxk08PnX5x+XfAT0eKcIN4iUkZLapPBF4w0wsZpl/uhTeXNxavE6RCAyF1jcL9UK7u7e6OMwBLt5k9w1lvV1Cita1fo/QhdalyIzaO4YVEUUCV0SGj5w6/r+fM2ysdXyijR+c/LMlKVuxxBjOyMm6wYDKJMNzEJe3 root@ubuntu-xenial
-----END SSH HOST KEY KEYS-----
[   22.946823] cloud-init[1359]: Cloud-init v. 20.4.1-0ubuntu1~16.04.1 running 'modules:final' at Mon, 08 Feb 2021 12:49:21 +0000. Up 22.75 seconds.
[   22.956224] cloud-init[1359]: ci-info: no authorized SSH keys fingerprints found for user ubuntu.
[   22.962773] cloud-init[1359]: Cloud-init v. 20.4.1-0ubuntu1~16.04.1 finished at Mon, 08 Feb 2021 12:49:21 +0000. Datasource DataSourceNoCloud [seed=/dev/sdb][dsmode=net].  Up 22.94 seconds
[[0;32m  OK  [0m] Started Execute cloud user/final scripts.
[[0;32m  OK  [0m] Reached target Cloud-init target.

Ubuntu 16.04.7 LTS ubuntu-xenial ttyS0

ubuntu-xenial login: 